[12/May/2019 03:41:29] "GET / HTTP/1.1" 302 0
[12/May/2019 03:41:55] "GET /p/post/content/README.md/ HTTP/1.0" 200 7771
[12/May/2019 03:41:55] "GET /p/dir_list/ HTTP/1.0" 200 10980
[12/May/2019 03:41:55] "GET /static/favicon.ico HTTP/1.0" 200 67646
[12/May/2019 03:43:21] "GET /p/post/content/README.md/ HTTP/1.0" 200 7771
[12/May/2019 03:43:21] "GET /p/dir_list/ HTTP/1.0" 200 10980
[12/May/2019 03:43:25] "GET / HTTP/1.0" 302 0
[12/May/2019 03:43:25] "GET /aboutme/ HTTP/1.0" 200 3695
[12/May/2019 03:43:27] "GET /p/archives/ HTTP/1.0" 200 15762
[12/May/2019 03:43:30] "GET /p/archives/ HTTP/1.0" 200 15762
[12/May/2019 03:43:32] "GET /p/post/content/README.md/ HTTP/1.0" 200 7771
[12/May/2019 03:43:32] "GET /p/dir_list/ HTTP/1.0" 200 10980
[12/May/2019 03:43:53] "GET /p/post/content/README.md/ HTTP/1.0" 200 7771
[12/May/2019 03:43:54] "GET /p/dir_list/ HTTP/1.0" 200 10980
[12/May/2019 03:43:55] "GET / HTTP/1.0" 302 0
[12/May/2019 03:43:56] "GET /aboutme/ HTTP/1.0" 200 3695
[12/May/2019 03:44:05] "GET /aboutme/ HTTP/1.0" 200 3695
[12/May/2019 03:44:06] "GET /messages/ HTTP/1.0" 200 4952
[12/May/2019 03:44:12] "GET /mylife/ HTTP/1.0" 200 3088
[12/May/2019 03:44:20] "GET /mylife/ HTTP/1.0" 200 3088
[12/May/2019 03:47:44] "GET /mylife/ HTTP/1.0" 200 3088
[12/May/2019 03:52:47] "GET /mylife/ HTTP/1.0" 200 3088
[12/May/2019 03:52:48] "GET /life_list/2019/ HTTP/1.0" 200 318
[12/May/2019 03:52:54] "GET / HTTP/1.0" 302 0
[12/May/2019 03:52:54] "GET /aboutme/ HTTP/1.0" 200 3695
[12/May/2019 03:52:59] "GET /p/post/content/README.md/ HTTP/1.0" 200 7771
[12/May/2019 03:53:00] "GET /p/dir_list/ HTTP/1.0" 200 10980
[12/May/2019 04:07:13] "GET / HTTP/1.0" 302 0
[12/May/2019 04:28:30] "GET / HTTP/1.0" 302 0
Not Found: /TP/public/index.php
[12/May/2019 04:43:40] "GET /TP/public/index.php HTTP/1.0" 404 2885
Not Found: /TP/index.php
[12/May/2019 04:43:41] "GET /TP/index.php HTTP/1.0" 404 2864
Not Found: /thinkphp/html/public/index.php
[12/May/2019 04:43:44] "GET /thinkphp/html/public/index.php HTTP/1.0" 404 2918
Not Found: /html/public/index.php
[12/May/2019 04:43:45] "GET /html/public/index.php HTTP/1.0" 404 2891
Not Found: /public/index.php
[12/May/2019 04:43:45] "GET /public/index.php HTTP/1.0" 404 2876
Not Found: /TP/html/public/index.php
[12/May/2019 04:43:45] "GET /TP/html/public/index.php HTTP/1.0" 404 2900
Not Found: /elrekt.php
[12/May/2019 04:43:45] "GET /elrekt.php HTTP/1.0" 404 2858
Not Found: /index.php
[12/May/2019 04:43:45] "GET /index.php HTTP/1.0" 404 2855
[12/May/2019 04:43:46] "GET / HTTP/1.0" 302 0
[12/May/2019 04:43:46] "GET /aboutme/ HTTP/1.0" 200 3695
[12/May/2019 06:54:49] "GET / HTTP/1.0" 302 0
[12/May/2019 07:52:19] "GET / HTTP/1.0" 302 0
[12/May/2019 07:52:20] "GET /aboutme/ HTTP/1.0" 200 3695
Not Found: /index.action
[12/May/2019 07:52:20] "GET /index.action HTTP/1.0" 404 2864
Not Found: /manager/html
[12/May/2019 08:17:32] "GET /manager/html HTTP/1.0" 404 2864
[12/May/2019 08:54:57] "GET /p/post/content/README.md/ HTTP/1.0" 200 7771
[12/May/2019 08:54:57] "GET /p/dir_list/ HTTP/1.0" 200 10980
[12/May/2019 08:55:12] "GET /p/post/content/go%20get%E5%92%8C%20govendor.md/ HTTP/1.0" 200 14820
[12/May/2019 08:55:12] "GET /p/dir_list/ HTTP/1.0" 200 10980
[12/May/2019 08:55:39] "GET / HTTP/1.0" 302 0
[12/May/2019 08:55:39] "GET /aboutme/ HTTP/1.0" 200 3695
[12/May/2019 09:46:32] "GET / HTTP/1.0" 302 0
Not Found: /echo.php
[12/May/2019 09:56:21] "GET /echo.php?info=1234567890 HTTP/1.0" 404 2868
[12/May/2019 11:26:22] "GET / HTTP/1.0" 302 0
[12/May/2019 11:26:22] "GET /aboutme/ HTTP/1.0" 200 3695
[12/May/2019 11:26:39] "GET / HTTP/1.0" 302 0
[12/May/2019 11:26:39] "GET /aboutme/ HTTP/1.0" 200 3695
[12/May/2019 11:26:41] "GET /p/post/content/README.md/ HTTP/1.0" 200 7771
[12/May/2019 11:26:43] "GET /p/dir_list/ HTTP/1.0" 200 10980
[12/May/2019 11:26:43] "GET /static/fonts/glyphicons-halflings-regular.woff2 HTTP/1.0" 200 18028
[12/May/2019 11:52:31] "GET / HTTP/1.0" 302 0
[12/May/2019 11:52:31] "GET /aboutme/ HTTP/1.0" 200 3695
[12/May/2019 13:32:33] "GET / HTTP/1.0" 302 0
[12/May/2019 13:32:36] "GET /aboutme/ HTTP/1.0" 200 3695
[12/May/2019 13:32:39] "GET /p/post/content/readme.md/ HTTP/1.0" 200 14
[12/May/2019 13:32:43] "GET /messages/ HTTP/1.0" 200 4952
[12/May/2019 13:32:47] "GET /p/archives/ HTTP/1.0" 200 15762
[12/May/2019 13:32:49] "GET /mylife/ HTTP/1.0" 200 3088
[12/May/2019 13:32:52] "GET /aboutme/ HTTP/1.0" 200 3695
Not Found: /GponForm/diag_Form
[12/May/2019 15:32:32] "POST /GponForm/diag_Form?style/ HTTP/1.0" 404 2890
[13/May/2019 04:13:42] "GET / HTTP/1.0" 302 0
[13/May/2019 06:27:42] "GET / HTTP/1.0" 302 0
[13/May/2019 06:27:42] "GET /aboutme/ HTTP/1.0" 200 3695
[13/May/2019 06:27:47] "GET /p/post/content/README.md/ HTTP/1.0" 200 7771
[13/May/2019 06:27:48] "GET /p/dir_list/ HTTP/1.0" 200 10980
[13/May/2019 06:27:48] "GET /static/fonts/glyphicons-halflings-regular.woff2 HTTP/1.0" 200 18028
Performing system checks...

1111 utf-8
System check identified no issues (0 silenced).
May 12, 2019 - 03:39:34
Django version 2.1.7, using settings 'Blog_Django_py3.settings'
Starting development server at http://0.0.0.0:8000/
Quit the server with CONTROL-C.
111111 /usr/src/DjangoBlog /usr/src/DjangoBlog
111111 /usr/src/DjangoBlog /usr/src/DjangoBlog
AAAAAAA
111111 /usr/src/DjangoBlog /usr/src/DjangoBlog
111111 /usr/src/DjangoBlog /usr/src/DjangoBlog
AAAAAAA
AAAAAAA
AAAAAAA
111111 /usr/src/DjangoBlog /usr/src/DjangoBlog
AAAAAAA
AAAAAAA
111111 /usr/src/DjangoBlog /usr/src/DjangoBlog
111111 /usr/src/DjangoBlog /usr/src/DjangoBlog
AAAAAAA
AAAAAAA
AAAAAAA
111111 /usr/src/DjangoBlog /usr/src/DjangoBlog
AAAAAAA
AAAAAAA
111111 /usr/src/DjangoBlog /usr/src/DjangoBlog
AAAAAAA
AAAAAAA
111111 /usr/src/DjangoBlog /usr/src/DjangoBlog
[15/May/2019 02:03:08] "GET /p/post/content/README.md/ HTTP/1.0" 200 7795
[15/May/2019 02:03:09] "GET /p/dir_list/ HTTP/1.0" 200 11182
[15/May/2019 02:03:16] "GET /p/post/content/Android_Studio%E9%A1%B9%E7%9B%AE%E8%BF%81%E7%A7%BB%E5%88%B0Eclipse.md/ HTTP/1.0" 200 7078
[15/May/2019 02:03:16] "GET /p/dir_list/ HTTP/1.0" 200 11182
[15/May/2019 02:03:22] "GET /p/post/content/unity%E9%A1%B9%E7%9B%AE.md/ HTTP/1.0" 200 9922
[15/May/2019 02:03:23] "GET /p/dir_list/ HTTP/1.0" 200 11182
[15/May/2019 02:03:30] "GET /p/post/content/android%E4%B8%8Eunity%E4%BA%A4%E4%BA%92.md/ HTTP/1.0" 200 10510
[15/May/2019 02:03:33] "GET /p/dir_list/ HTTP/1.0" 200 11182
[15/May/2019 02:03:33] "GET /static/fonts/glyphicons-halflings-regular.woff2 HTTP/1.0" 200 18028
[15/May/2019 02:03:44] "GET /p/post/content/PyPy.md/ HTTP/1.0" 200 10505
[15/May/2019 02:03:45] "GET /p/dir_list/ HTTP/1.0" 200 11182
Invalid HTTP_HOST header: 'claymore.wang'. You may need to add 'claymore.wang' to ALLOWED_HOSTS.
Bad Request: /p/post/content/PyPy.md/
[15/May/2019 06:22:11] "GET /p/post/content/PyPy.md/ HTTP/1.0" 400 57760
Performing system checks...

1111 utf-8
System check identified no issues (0 silenced).
May 15, 2019 - 02:02:25
Django version 2.1.7, using settings 'Blog_Django_py3.settings'
Starting development server at http://0.0.0.0:8000/
Quit the server with CONTROL-C.
111111 /usr/src/DjangoBlog /usr/src/DjangoBlog
111111 /usr/src/DjangoBlog /usr/src/DjangoBlog
111111 /usr/src/DjangoBlog /usr/src/DjangoBlog
111111 /usr/src/DjangoBlog /usr/src/DjangoBlog
111111 /usr/src/DjangoBlog /usr/src/DjangoBlog
[15/May/2019 06:23:25] "GET /p/post/content/PyPy.md/ HTTP/1.0" 200 10505
[15/May/2019 06:23:28] "GET /p/dir_list/ HTTP/1.0" 200 11182
[15/May/2019 06:23:28] "GET /static/fonts/glyphicons-halflings-regular.woff2 HTTP/1.0" 200 18028
[15/May/2019 06:24:17] "GET /aboutme/ HTTP/1.0" 200 3906
